OpenROAD v2.0-6895-g5c85b36f8 
This program is licensed under the BSD-3 license. See the LICENSE file for details.
Components of this program may be licensed under more restrictive licenses which must be honored.
[WARNING STA-0164] ./platforms/asap7/lib/asap7sc7p5t_SIMPLE_RVT_FF_nldm_211120.lib.gz line 13178, timing group from output port.
[WARNING STA-0164] ./platforms/asap7/lib/asap7sc7p5t_SIMPLE_RVT_FF_nldm_211120.lib.gz line 13211, timing group from output port.
[WARNING STA-0164] ./platforms/asap7/lib/asap7sc7p5t_SIMPLE_RVT_FF_nldm_211120.lib.gz line 13244, timing group from output port.
[WARNING STA-0164] ./platforms/asap7/lib/asap7sc7p5t_SIMPLE_RVT_FF_nldm_211120.lib.gz line 13277, timing group from output port.
[WARNING STA-0164] ./platforms/asap7/lib/asap7sc7p5t_SIMPLE_RVT_FF_nldm_211120.lib.gz line 13310, timing group from output port.
[WARNING STA-0164] ./platforms/asap7/lib/asap7sc7p5t_SIMPLE_RVT_FF_nldm_211120.lib.gz line 13343, timing group from output port.
[WARNING STA-0164] ./platforms/asap7/lib/asap7sc7p5t_SIMPLE_RVT_FF_nldm_211120.lib.gz line 13376, timing group from output port.
[WARNING STA-0164] ./platforms/asap7/lib/asap7sc7p5t_SIMPLE_RVT_FF_nldm_211120.lib.gz line 14772, timing group from output port.
[WARNING STA-0164] ./platforms/asap7/lib/asap7sc7p5t_SIMPLE_RVT_FF_nldm_211120.lib.gz line 14805, timing group from output port.
[WARNING STA-0164] ./platforms/asap7/lib/asap7sc7p5t_SIMPLE_RVT_FF_nldm_211120.lib.gz line 14838, timing group from output port.

==========================================================================
resizer pre check_setup
--------------------------------------------------------------------------
Warning: There are 6 unconstrained endpoints.

==========================================================================
resizer pre report_tns
--------------------------------------------------------------------------
tns -12274645.00

==========================================================================
resizer pre report_wns
--------------------------------------------------------------------------
wns -6797.60

==========================================================================
resizer pre report_worst_slack
--------------------------------------------------------------------------
worst slack -6797.60

==========================================================================
resizer pre report_checks -path_delay min
--------------------------------------------------------------------------
Startpoint: rst_ni (input port clocked by core_clock)
Endpoint: _36196_ (removal check against rising-edge clock core_clock)
Path Group: **async_default**
Path Type: min

Fanout     Cap    Slew   Delay    Time   Description
-----------------------------------------------------------------------------
                  0.00    0.00    0.00   clock core_clock (rise edge)
                          0.00    0.00   clock network delay (ideal)
                         51.51   51.51 ^ input external delay
                  0.00    0.00   51.51 ^ rst_ni (in)
  1658 2192.95                           rst_ni (net)
               1532.49  483.45  534.96 ^ _36196_/RESETN (DFFASRHQNx1_ASAP7_75t_R)
                                534.96   data arrival time

                  0.00    0.00    0.00   clock core_clock (rise edge)
                          0.00    0.00   clock network delay (ideal)
                          0.00    0.00   clock reconvergence pessimism
                                  0.00 ^ _36196_/CLK (DFFASRHQNx1_ASAP7_75t_R)
                        168.40  168.40   library removal time
                                168.40   data required time
-----------------------------------------------------------------------------
                                168.40   data required time
                               -534.96   data arrival time
-----------------------------------------------------------------------------
                                366.56   slack (MET)


Startpoint: _36618_ (negative level-sensitive latch clocked by core_clock)
Endpoint: _24878_ (rising clock gating-check end-point clocked by core_clock)
Path Group: **clock_gating_default**
Path Type: min

Fanout     Cap    Slew   Delay    Time   Description
-----------------------------------------------------------------------------
                  0.00  454.34  454.34   clock core_clock (fall edge)
                          0.00  454.34   clock network delay (ideal)
                  0.00    0.00  454.34 v _36618_/CLK (DLLx1_ASAP7_75t_R)
                  7.77   18.31  472.65 ^ _36618_/Q (DLLx1_ASAP7_75t_R)
     1    0.61                           core_clock_gate_i.en_latch (net)
                  7.77    0.01  472.66 ^ _24878_/B (AND2x2_ASAP7_75t_R)
                                472.66   data arrival time

                  0.00  454.34  454.34   clock core_clock (fall edge)
                          0.00  454.34   clock network delay (ideal)
                          0.00  454.34   clock reconvergence pessimism
                                454.34 v _24878_/A (AND2x2_ASAP7_75t_R)
                          0.00  454.34   clock gating hold time
                                454.34   data required time
-----------------------------------------------------------------------------
                                454.34   data required time
                               -472.66   data arrival time
-----------------------------------------------------------------------------
                                 18.32   slack (MET)


Startpoint: _35025_ (rising edge-triggered flip-flop clocked by core_clock)
Endpoint: _35025_ (rising edge-triggered flip-flop clocked by core_clock)
Path Group: core_clock
Path Type: min

Fanout     Cap    Slew   Delay    Time   Description
-----------------------------------------------------------------------------
                  0.00    0.00    0.00   clock core_clock (rise edge)
                          0.00    0.00   clock network delay (ideal)
                  0.00    0.00    0.00 ^ _35025_/CLK (DFFASRHQNx1_ASAP7_75t_R)
                 20.73   40.41   40.41 ^ _35025_/QN (DFFASRHQNx1_ASAP7_75t_R)
     2    1.80                           _01352_ (net)
                 20.73    0.01   40.42 ^ _27804_/A1 (OAI21x1_ASAP7_75t_R)
                  7.21    7.70   48.13 v _27804_/Y (OAI21x1_ASAP7_75t_R)
     1    0.75                           _02782_ (net)
                  7.21    0.02   48.14 v _35025_/D (DFFASRHQNx1_ASAP7_75t_R)
                                 48.14   data arrival time

                  0.00    0.00    0.00   clock core_clock (rise edge)
                          0.00    0.00   clock network delay (ideal)
                          0.00    0.00   clock reconvergence pessimism
                                  0.00 ^ _35025_/CLK (DFFASRHQNx1_ASAP7_75t_R)
                          9.16    9.16   library hold time
                                  9.16   data required time
-----------------------------------------------------------------------------
                                  9.16   data required time
                                -48.14   data arrival time
-----------------------------------------------------------------------------
                                 38.98   slack (MET)



==========================================================================
resizer pre report_checks -path_delay max
--------------------------------------------------------------------------
Startpoint: rst_ni (input port clocked by core_clock)
Endpoint: _35513_ (recovery check against rising-edge clock core_clock)
Path Group: **async_default**
Path Type: max

Fanout     Cap    Slew   Delay    Time   Description
-----------------------------------------------------------------------------
                  0.00    0.00    0.00   clock core_clock (rise edge)
                          0.00    0.00   clock network delay (ideal)
                         51.51   51.51 ^ input external delay
                  0.00    0.00   51.51 ^ rst_ni (in)
  1658 2192.95                           rst_ni (net)
               4379.87 1381.69 1433.20 ^ _35513_/SETN (DFFASRHQNx1_ASAP7_75t_R)
                               1433.20   data arrival time

                  0.00  908.68  908.68   clock core_clock (rise edge)
                          0.00  908.68   clock network delay (ideal)
                          0.00  908.68   clock reconvergence pessimism
                                908.68 ^ _35513_/CLK (DFFASRHQNx1_ASAP7_75t_R)
                       -433.74  474.94   library recovery time
                                474.94   data required time
-----------------------------------------------------------------------------
                                474.94   data required time
                               -1433.20   data arrival time
-----------------------------------------------------------------------------
                               -958.26   slack (VIOLATED)


Startpoint: _36618_ (negative level-sensitive latch clocked by core_clock)
Endpoint: _24878_ (rising clock gating-check end-point clocked by core_clock)
Path Group: **clock_gating_default**
Path Type: max

Fanout     Cap    Slew   Delay    Time   Description
-----------------------------------------------------------------------------
                  0.00  454.34  454.34   clock core_clock (fall edge)
                          0.00  454.34   clock network delay (ideal)
                  0.00    0.00  454.34 v _36618_/CLK (DLLx1_ASAP7_75t_R)
                  7.59   27.33  481.67 v _36618_/Q (DLLx1_ASAP7_75t_R)
     1    0.61                           core_clock_gate_i.en_latch (net)
                  7.59    0.01  481.67 v _24878_/B (AND2x2_ASAP7_75t_R)
                                481.67   data arrival time

                  0.00  908.68  908.68   clock core_clock (rise edge)
                          0.00  908.68   clock network delay (ideal)
                          0.00  908.68   clock reconvergence pessimism
                                908.68 ^ _24878_/A (AND2x2_ASAP7_75t_R)
                          0.00  908.68   clock gating setup time
                                908.68   data required time
-----------------------------------------------------------------------------
                                908.68   data required time
                               -481.67   data arrival time
-----------------------------------------------------------------------------
                                427.01   slack (MET)


Startpoint: _36750_ (rising edge-triggered flip-flop clocked by core_clock)
Endpoint: _36758_ (rising edge-triggered flip-flop clocked by core_clock)
Path Group: core_clock
Path Type: max

Fanout     Cap    Slew   Delay    Time   Description
-----------------------------------------------------------------------------
                  0.00    0.00    0.00   clock core_clock (rise edge)
                          0.00    0.00   clock network delay (ideal)
                  0.00    0.00    0.00 ^ _36750_/CLK (DFFHQNx1_ASAP7_75t_R)
               5090.20 1862.01 1862.01 ^ _36750_/QN (DFFHQNx1_ASAP7_75t_R)
   855  786.66                           _01745_ (net)
               5330.20  596.26 2458.27 ^ _18632_/A (INVx1_ASAP7_75t_R)
               1517.17 2802.95 5261.22 v _18632_/Y (INVx1_ASAP7_75t_R)
    88   90.88                           _13359_ (net)
               1517.17    0.44 5261.67 v _19474_/B (NAND2x1_ASAP7_75t_R)
                658.13  671.90 5933.56 ^ _19474_/Y (NAND2x1_ASAP7_75t_R)
    19   39.71                           _14184_ (net)
                660.55   23.09 5956.66 ^ _19477_/A2 (OAI22x1_ASAP7_75t_R)
                130.62   29.37 5986.03 v _19477_/Y (OAI22x1_ASAP7_75t_R)
     1    0.65                           _14187_ (net)
                130.62    0.00 5986.03 v _19483_/A2 (OA21x2_ASAP7_75t_R)
                 18.86   37.37 6023.40 v _19483_/Y (OA21x2_ASAP7_75t_R)
     1    0.76                           _14193_ (net)
                 18.86    0.02 6023.42 v _19523_/A2 (OA211x2_ASAP7_75t_R)
                 56.97   41.12 6064.54 v _19523_/Y (OA211x2_ASAP7_75t_R)
     8   16.92                           _14233_ (net)
                 63.58   10.07 6074.61 v _19528_/B1 (AOI221x1_ASAP7_75t_R)
                185.77   78.05 6152.66 ^ _19528_/Y (AOI221x1_ASAP7_75t_R)
    14   16.37                           _14238_ (net)
                187.56   10.26 6162.92 ^ _19529_/A (INVx1_ASAP7_75t_R)
                144.28   99.30 6262.22 v _19529_/Y (INVx1_ASAP7_75t_R)
    20   19.95                           _14239_ (net)
                144.51    3.40 6265.62 v _20250_/B (XNOR2x2_ASAP7_75t_R)
                 10.78   42.22 6307.84 v _20250_/Y (XNOR2x2_ASAP7_75t_R)
     1    0.75                           _14924_ (net)
                 10.78    0.01 6307.85 v _20312_/A2 (AO21x1_ASAP7_75t_R)
                 20.26   18.22 6326.08 v _20312_/Y (AO21x1_ASAP7_75t_R)
     2    1.81                           _17760_ (net)
                 20.26    0.01 6326.09 v _34513_/A (HAxp5_ASAP7_75t_R)
                 30.70   36.19 6362.28 v _34513_/SN (HAxp5_ASAP7_75t_R)
     2    1.39                           _00666_ (net)
                 30.70    0.02 6362.30 v _20461_/A2 (OA21x2_ASAP7_75t_R)
                  7.03   22.69 6384.99 v _20461_/Y (OA21x2_ASAP7_75t_R)
     1    0.80                           _15118_ (net)
                  7.03    0.02 6385.01 v _20462_/A2 (OA21x2_ASAP7_75t_R)
                  6.93   15.97 6400.97 v _20462_/Y (OA21x2_ASAP7_75t_R)
     1    0.57                           _15119_ (net)
                  6.93    0.00 6400.97 v _20463_/B1 (OA31x2_ASAP7_75t_R)
                 16.83   24.30 6425.27 v _20463_/Y (OA31x2_ASAP7_75t_R)
     4    4.05                           _16727_ (net)
                 16.85    0.29 6425.56 v _20703_/A1 (AO21x1_ASAP7_75t_R)
                 10.26   19.60 6445.16 v _20703_/Y (AO21x1_ASAP7_75t_R)
     2    1.34                           _15344_ (net)
                 10.26    0.02 6445.18 v _21033_/A1 (OA21x2_ASAP7_75t_R)
                 10.48   19.59 6464.78 v _21033_/Y (OA21x2_ASAP7_75t_R)
     2    2.31                           _16739_ (net)
                 10.48    0.05 6464.82 v _21274_/B (OR2x2_ASAP7_75t_R)
                 13.62   22.73 6487.56 v _21274_/Y (OR2x2_ASAP7_75t_R)
     2    2.67                           _15888_ (net)
                 13.66    0.44 6488.00 v _21276_/A2 (OA21x2_ASAP7_75t_R)
                 10.58   19.84 6507.84 v _21276_/Y (OA21x2_ASAP7_75t_R)
     2    1.73                           _15890_ (net)
                 10.59    0.11 6507.95 v _21546_/A2 (OA21x2_ASAP7_75t_R)
                  7.16   17.37 6525.32 v _21546_/Y (OA21x2_ASAP7_75t_R)
     1    0.80                           _16147_ (net)
                  7.16    0.02 6525.34 v _21547_/A2 (OA21x2_ASAP7_75t_R)
                 10.05   17.86 6543.20 v _21547_/Y (OA21x2_ASAP7_75t_R)
     1    1.66                           _16745_ (net)
                 10.05    0.01 6543.22 v _34167_/CI (FAx1_ASAP7_75t_R)
                423.66  267.29 6810.51 v _34167_/SN (FAx1_ASAP7_75t_R)
     9   18.24                           data_addr_o[17] (net)
                424.01    6.19 6816.70 v _23477_/C (OR5x1_ASAP7_75t_R)
                 19.27   79.45 6896.15 v _23477_/Y (OR5x1_ASAP7_75t_R)
     1    0.58                           _05787_ (net)
                 19.27    0.01 6896.16 v _23479_/D (OR5x1_ASAP7_75t_R)
                 17.40   40.02 6936.18 v _23479_/Y (OR5x1_ASAP7_75t_R)
     1    0.72                           _05789_ (net)
                 17.40    0.00 6936.19 v _23480_/A (INVx1_ASAP7_75t_R)
                  8.39    7.50 6943.69 ^ _23480_/Y (INVx1_ASAP7_75t_R)
     1    0.55                           _05790_ (net)
                  8.39    0.00 6943.69 ^ _23484_/B (AND5x1_ASAP7_75t_R)
                 17.46   33.37 6977.06 ^ _23484_/Y (AND5x1_ASAP7_75t_R)
     2    1.19                           _05794_ (net)
                 17.46    0.03 6977.09 ^ _23491_/D (AND5x1_ASAP7_75t_R)
                 21.90   39.66 7016.75 ^ _23491_/Y (AND5x1_ASAP7_75t_R)
     2    1.86                           _05801_ (net)
                 21.90    0.03 7016.77 ^ _24803_/A (INVx1_ASAP7_75t_R)
                 11.07    9.25 7026.02 v _24803_/Y (INVx1_ASAP7_75t_R)
     1    1.15                           _06659_ (net)
                 11.07    0.08 7026.11 v _24806_/A (OR3x1_ASAP7_75t_R)
                 10.80   22.69 7048.80 v _24806_/Y (OR3x1_ASAP7_75t_R)
     1    0.73                           _06662_ (net)
                 10.80    0.01 7048.81 v _24807_/A (INVx1_ASAP7_75t_R)
                  8.93    7.55 7056.35 ^ _24807_/Y (INVx1_ASAP7_75t_R)
     1    0.97                           _06663_ (net)
                  8.93    0.01 7056.36 ^ _24810_/A2 (AO211x2_ASAP7_75t_R)
                  8.63   20.38 7076.74 ^ _24810_/Y (AO211x2_ASAP7_75t_R)
     1    1.11                           _06666_ (net)
                  8.63    0.01 7076.75 ^ _24812_/A2 (OAI21x1_ASAP7_75t_R)
                 30.08   15.25 7091.99 v _24812_/Y (OAI21x1_ASAP7_75t_R)
     3    5.16                           _06668_ (net)
                 30.39    1.70 7093.69 v _24829_/A (AND2x2_ASAP7_75t_R)
                144.38   82.51 7176.20 v _24829_/Y (AND2x2_ASAP7_75t_R)
    58   47.35                           _06685_ (net)
                144.38    0.10 7176.30 v _27930_/B (NAND2x1_ASAP7_75t_R)
                830.71  385.23 7561.53 ^ _27930_/Y (NAND2x1_ASAP7_75t_R)
   122  110.53                           _09319_ (net)
                831.68   16.82 7578.35 ^ _33644_/A (OR2x2_ASAP7_75t_R)
                 25.23   94.32 7672.67 ^ _33644_/Y (OR2x2_ASAP7_75t_R)
     1    0.71                           _13314_ (net)
                 25.23    0.01 7672.68 ^ _33645_/B (OA21x2_ASAP7_75t_R)
                 10.29   18.25 7690.93 ^ _33645_/Y (OA21x2_ASAP7_75t_R)
     1    0.65                           _04500_ (net)
                 10.29    0.00 7690.93 ^ _36758_/D (DFFHQNx1_ASAP7_75t_R)
                               7690.93   data arrival time

                  0.00  908.68  908.68   clock core_clock (rise edge)
                          0.00  908.68   clock network delay (ideal)
                          0.00  908.68   clock reconvergence pessimism
                                908.68 ^ _36758_/CLK (DFFHQNx1_ASAP7_75t_R)
                        -15.35  893.34   library setup time
                                893.34   data required time
-----------------------------------------------------------------------------
                                893.34   data required time
                               -7690.93   data arrival time
-----------------------------------------------------------------------------
                               -6797.60   slack (VIOLATED)



==========================================================================
resizer pre report_checks -unconstrained
--------------------------------------------------------------------------
Startpoint: rst_ni (input port clocked by core_clock)
Endpoint: _35513_ (recovery check against rising-edge clock core_clock)
Path Group: **async_default**
Path Type: max

Fanout     Cap    Slew   Delay    Time   Description
-----------------------------------------------------------------------------
                  0.00    0.00    0.00   clock core_clock (rise edge)
                          0.00    0.00   clock network delay (ideal)
                         51.51   51.51 ^ input external delay
                  0.00    0.00   51.51 ^ rst_ni (in)
  1658 2192.95                           rst_ni (net)
               4379.87 1381.69 1433.20 ^ _35513_/SETN (DFFASRHQNx1_ASAP7_75t_R)
                               1433.20   data arrival time

                  0.00  908.68  908.68   clock core_clock (rise edge)
                          0.00  908.68   clock network delay (ideal)
                          0.00  908.68   clock reconvergence pessimism
                                908.68 ^ _35513_/CLK (DFFASRHQNx1_ASAP7_75t_R)
                       -433.74  474.94   library recovery time
                                474.94   data required time
-----------------------------------------------------------------------------
                                474.94   data required time
                               -1433.20   data arrival time
-----------------------------------------------------------------------------
                               -958.26   slack (VIOLATED)


Startpoint: _36618_ (negative level-sensitive latch clocked by core_clock)
Endpoint: _24878_ (rising clock gating-check end-point clocked by core_clock)
Path Group: **clock_gating_default**
Path Type: max

Fanout     Cap    Slew   Delay    Time   Description
-----------------------------------------------------------------------------
                  0.00  454.34  454.34   clock core_clock (fall edge)
                          0.00  454.34   clock network delay (ideal)
                  0.00    0.00  454.34 v _36618_/CLK (DLLx1_ASAP7_75t_R)
                  7.59   27.33  481.67 v _36618_/Q (DLLx1_ASAP7_75t_R)
     1    0.61                           core_clock_gate_i.en_latch (net)
                  7.59    0.01  481.67 v _24878_/B (AND2x2_ASAP7_75t_R)
                                481.67   data arrival time

                  0.00  908.68  908.68   clock core_clock (rise edge)
                          0.00  908.68   clock network delay (ideal)
                          0.00  908.68   clock reconvergence pessimism
                                908.68 ^ _24878_/A (AND2x2_ASAP7_75t_R)
                          0.00  908.68   clock gating setup time
                                908.68   data required time
-----------------------------------------------------------------------------
                                908.68   data required time
                               -481.67   data arrival time
-----------------------------------------------------------------------------
                                427.01   slack (MET)


Startpoint: _36750_ (rising edge-triggered flip-flop clocked by core_clock)
Endpoint: _36758_ (rising edge-triggered flip-flop clocked by core_clock)
Path Group: core_clock
Path Type: max

Fanout     Cap    Slew   Delay    Time   Description
-----------------------------------------------------------------------------
                  0.00    0.00    0.00   clock core_clock (rise edge)
                          0.00    0.00   clock network delay (ideal)
                  0.00    0.00    0.00 ^ _36750_/CLK (DFFHQNx1_ASAP7_75t_R)
               5090.20 1862.01 1862.01 ^ _36750_/QN (DFFHQNx1_ASAP7_75t_R)
   855  786.66                           _01745_ (net)
               5330.20  596.26 2458.27 ^ _18632_/A (INVx1_ASAP7_75t_R)
               1517.17 2802.95 5261.22 v _18632_/Y (INVx1_ASAP7_75t_R)
    88   90.88                           _13359_ (net)
               1517.17    0.44 5261.67 v _19474_/B (NAND2x1_ASAP7_75t_R)
                658.13  671.90 5933.56 ^ _19474_/Y (NAND2x1_ASAP7_75t_R)
    19   39.71                           _14184_ (net)
                660.55   23.09 5956.66 ^ _19477_/A2 (OAI22x1_ASAP7_75t_R)
                130.62   29.37 5986.03 v _19477_/Y (OAI22x1_ASAP7_75t_R)
     1    0.65                           _14187_ (net)
                130.62    0.00 5986.03 v _19483_/A2 (OA21x2_ASAP7_75t_R)
                 18.86   37.37 6023.40 v _19483_/Y (OA21x2_ASAP7_75t_R)
     1    0.76                           _14193_ (net)
                 18.86    0.02 6023.42 v _19523_/A2 (OA211x2_ASAP7_75t_R)
                 56.97   41.12 6064.54 v _19523_/Y (OA211x2_ASAP7_75t_R)
     8   16.92                           _14233_ (net)
                 63.58   10.07 6074.61 v _19528_/B1 (AOI221x1_ASAP7_75t_R)
                185.77   78.05 6152.66 ^ _19528_/Y (AOI221x1_ASAP7_75t_R)
    14   16.37                           _14238_ (net)
                187.56   10.26 6162.92 ^ _19529_/A (INVx1_ASAP7_75t_R)
                144.28   99.30 6262.22 v _19529_/Y (INVx1_ASAP7_75t_R)
    20   19.95                           _14239_ (net)
                144.51    3.40 6265.62 v _20250_/B (XNOR2x2_ASAP7_75t_R)
                 10.78   42.22 6307.84 v _20250_/Y (XNOR2x2_ASAP7_75t_R)
     1    0.75                           _14924_ (net)
                 10.78    0.01 6307.85 v _20312_/A2 (AO21x1_ASAP7_75t_R)
                 20.26   18.22 6326.08 v _20312_/Y (AO21x1_ASAP7_75t_R)
     2    1.81                           _17760_ (net)
                 20.26    0.01 6326.09 v _34513_/A (HAxp5_ASAP7_75t_R)
                 30.70   36.19 6362.28 v _34513_/SN (HAxp5_ASAP7_75t_R)
     2    1.39                           _00666_ (net)
                 30.70    0.02 6362.30 v _20461_/A2 (OA21x2_ASAP7_75t_R)
                  7.03   22.69 6384.99 v _20461_/Y (OA21x2_ASAP7_75t_R)
     1    0.80                           _15118_ (net)
                  7.03    0.02 6385.01 v _20462_/A2 (OA21x2_ASAP7_75t_R)
                  6.93   15.97 6400.97 v _20462_/Y (OA21x2_ASAP7_75t_R)
     1    0.57                           _15119_ (net)
                  6.93    0.00 6400.97 v _20463_/B1 (OA31x2_ASAP7_75t_R)
                 16.83   24.30 6425.27 v _20463_/Y (OA31x2_ASAP7_75t_R)
     4    4.05                           _16727_ (net)
                 16.85    0.29 6425.56 v _20703_/A1 (AO21x1_ASAP7_75t_R)
                 10.26   19.60 6445.16 v _20703_/Y (AO21x1_ASAP7_75t_R)
     2    1.34                           _15344_ (net)
                 10.26    0.02 6445.18 v _21033_/A1 (OA21x2_ASAP7_75t_R)
                 10.48   19.59 6464.78 v _21033_/Y (OA21x2_ASAP7_75t_R)
     2    2.31                           _16739_ (net)
                 10.48    0.05 6464.82 v _21274_/B (OR2x2_ASAP7_75t_R)
                 13.62   22.73 6487.56 v _21274_/Y (OR2x2_ASAP7_75t_R)
     2    2.67                           _15888_ (net)
                 13.66    0.44 6488.00 v _21276_/A2 (OA21x2_ASAP7_75t_R)
                 10.58   19.84 6507.84 v _21276_/Y (OA21x2_ASAP7_75t_R)
     2    1.73                           _15890_ (net)
                 10.59    0.11 6507.95 v _21546_/A2 (OA21x2_ASAP7_75t_R)
                  7.16   17.37 6525.32 v _21546_/Y (OA21x2_ASAP7_75t_R)
     1    0.80                           _16147_ (net)
                  7.16    0.02 6525.34 v _21547_/A2 (OA21x2_ASAP7_75t_R)
                 10.05   17.86 6543.20 v _21547_/Y (OA21x2_ASAP7_75t_R)
     1    1.66                           _16745_ (net)
                 10.05    0.01 6543.22 v _34167_/CI (FAx1_ASAP7_75t_R)
                423.66  267.29 6810.51 v _34167_/SN (FAx1_ASAP7_75t_R)
     9   18.24                           data_addr_o[17] (net)
                424.01    6.19 6816.70 v _23477_/C (OR5x1_ASAP7_75t_R)
                 19.27   79.45 6896.15 v _23477_/Y (OR5x1_ASAP7_75t_R)
     1    0.58                           _05787_ (net)
                 19.27    0.01 6896.16 v _23479_/D (OR5x1_ASAP7_75t_R)
                 17.40   40.02 6936.18 v _23479_/Y (OR5x1_ASAP7_75t_R)
     1    0.72                           _05789_ (net)
                 17.40    0.00 6936.19 v _23480_/A (INVx1_ASAP7_75t_R)
                  8.39    7.50 6943.69 ^ _23480_/Y (INVx1_ASAP7_75t_R)
     1    0.55                           _05790_ (net)
                  8.39    0.00 6943.69 ^ _23484_/B (AND5x1_ASAP7_75t_R)
                 17.46   33.37 6977.06 ^ _23484_/Y (AND5x1_ASAP7_75t_R)
     2    1.19                           _05794_ (net)
                 17.46    0.03 6977.09 ^ _23491_/D (AND5x1_ASAP7_75t_R)
                 21.90   39.66 7016.75 ^ _23491_/Y (AND5x1_ASAP7_75t_R)
     2    1.86                           _05801_ (net)
                 21.90    0.03 7016.77 ^ _24803_/A (INVx1_ASAP7_75t_R)
                 11.07    9.25 7026.02 v _24803_/Y (INVx1_ASAP7_75t_R)
     1    1.15                           _06659_ (net)
                 11.07    0.08 7026.11 v _24806_/A (OR3x1_ASAP7_75t_R)
                 10.80   22.69 7048.80 v _24806_/Y (OR3x1_ASAP7_75t_R)
     1    0.73                           _06662_ (net)
                 10.80    0.01 7048.81 v _24807_/A (INVx1_ASAP7_75t_R)
                  8.93    7.55 7056.35 ^ _24807_/Y (INVx1_ASAP7_75t_R)
     1    0.97                           _06663_ (net)
                  8.93    0.01 7056.36 ^ _24810_/A2 (AO211x2_ASAP7_75t_R)
                  8.63   20.38 7076.74 ^ _24810_/Y (AO211x2_ASAP7_75t_R)
     1    1.11                           _06666_ (net)
                  8.63    0.01 7076.75 ^ _24812_/A2 (OAI21x1_ASAP7_75t_R)
                 30.08   15.25 7091.99 v _24812_/Y (OAI21x1_ASAP7_75t_R)
     3    5.16                           _06668_ (net)
                 30.39    1.70 7093.69 v _24829_/A (AND2x2_ASAP7_75t_R)
                144.38   82.51 7176.20 v _24829_/Y (AND2x2_ASAP7_75t_R)
    58   47.35                           _06685_ (net)
                144.38    0.10 7176.30 v _27930_/B (NAND2x1_ASAP7_75t_R)
                830.71  385.23 7561.53 ^ _27930_/Y (NAND2x1_ASAP7_75t_R)
   122  110.53                           _09319_ (net)
                831.68   16.82 7578.35 ^ _33644_/A (OR2x2_ASAP7_75t_R)
                 25.23   94.32 7672.67 ^ _33644_/Y (OR2x2_ASAP7_75t_R)
     1    0.71                           _13314_ (net)
                 25.23    0.01 7672.68 ^ _33645_/B (OA21x2_ASAP7_75t_R)
                 10.29   18.25 7690.93 ^ _33645_/Y (OA21x2_ASAP7_75t_R)
     1    0.65                           _04500_ (net)
                 10.29    0.00 7690.93 ^ _36758_/D (DFFHQNx1_ASAP7_75t_R)
                               7690.93   data arrival time

                  0.00  908.68  908.68   clock core_clock (rise edge)
                          0.00  908.68   clock network delay (ideal)
                          0.00  908.68   clock reconvergence pessimism
                                908.68 ^ _36758_/CLK (DFFHQNx1_ASAP7_75t_R)
                        -15.35  893.34   library setup time
                                893.34   data required time
-----------------------------------------------------------------------------
                                893.34   data required time
                               -7690.93   data arrival time
-----------------------------------------------------------------------------
                               -6797.60   slack (VIOLATED)



==========================================================================
resizer pre report_design_area
--------------------------------------------------------------------------
Design area 2157 u^2 42% utilization.


==========================================================================
instance_count
--------------------------------------------------------------------------
17655

==========================================================================
pin_count
--------------------------------------------------------------------------
63544

Perform port buffering...
[INFO RSZ-0027] Inserted 149 input buffers.
[INFO RSZ-0028] Inserted 100 output buffers.
Perform buffer insertion...
[INFO RSZ-0058] Using max wire length 162um.
[INFO RSZ-0034] Found 879 slew violations.
[INFO RSZ-0036] Found 33 capacitance violations.
[INFO RSZ-0038] Inserted 211 buffers in 889 nets.
[INFO RSZ-0039] Resized 1165 instances.
Repair tie lo fanout...
[INFO RSZ-0042] Inserted 6 tie TIELOx1_ASAP7_75t_R instances.
Repair tie hi fanout...
[INFO RSZ-0042] Inserted 1658 tie TIEHIx1_ASAP7_75t_R instances.

==========================================================================
report_floating_nets
--------------------------------------------------------------------------

==========================================================================
resizer check_setup
--------------------------------------------------------------------------
Warning: There are 6 unconstrained endpoints.

==========================================================================
resizer report_tns
--------------------------------------------------------------------------
tns -726596.75

==========================================================================
resizer report_wns
--------------------------------------------------------------------------
wns -778.46

==========================================================================
resizer report_worst_slack
--------------------------------------------------------------------------
worst slack -778.46

==========================================================================
resizer report_checks -path_delay min
--------------------------------------------------------------------------
Startpoint: rst_ni (input port clocked by core_clock)
Endpoint: _36141_ (removal check against rising-edge clock core_clock)
Path Group: **async_default**
Path Type: min

Fanout     Cap    Slew   Delay    Time   Description
-----------------------------------------------------------------------------
                  0.00    0.00    0.00   clock core_clock (rise edge)
                          0.00    0.00   clock network delay (ideal)
                         51.51   51.51 ^ input external delay
                  0.00    0.00   51.51 ^ rst_ni (in)
     1    2.90                           rst_ni (net)
                  0.34    0.11   51.62 ^ input148/A (BUFx16f_ASAP7_75t_R)
                 31.51   17.16   68.78 ^ input148/Y (BUFx16f_ASAP7_75t_R)
    35   51.91                           net148 (net)
                 37.40    6.84   75.62 ^ _36141_/SETN (DFFASRHQNx1_ASAP7_75t_R)
                                 75.62   data arrival time

                  0.00    0.00    0.00   clock core_clock (rise edge)
                          0.00    0.00   clock network delay (ideal)
                          0.00    0.00   clock reconvergence pessimism
                                  0.00 ^ _36141_/CLK (DFFASRHQNx1_ASAP7_75t_R)
                         11.38   11.38   library removal time
                                 11.38   data required time
-----------------------------------------------------------------------------
                                 11.38   data required time
                                -75.62   data arrival time
-----------------------------------------------------------------------------
                                 64.24   slack (MET)


Startpoint: _36618_ (negative level-sensitive latch clocked by core_clock)
Endpoint: _24878_ (rising clock gating-check end-point clocked by core_clock)
Path Group: **clock_gating_default**
Path Type: min

Fanout     Cap    Slew   Delay    Time   Description
-----------------------------------------------------------------------------
                  0.00  454.34  454.34   clock core_clock (fall edge)
                          0.00  454.34   clock network delay (ideal)
                  0.00    0.00  454.34 v _36618_/CLK (DLLx1_ASAP7_75t_R)
                  7.77   18.31  472.65 ^ _36618_/Q (DLLx1_ASAP7_75t_R)
     1    0.61                           core_clock_gate_i.en_latch (net)
                  7.77    0.01  472.66 ^ _24878_/B (AND2x2_ASAP7_75t_R)
                                472.66   data arrival time

                  0.00  454.34  454.34   clock core_clock (fall edge)
                          0.00  454.34   clock network delay (ideal)
                          0.00  454.34   clock reconvergence pessimism
                                454.34 v _24878_/A (AND2x2_ASAP7_75t_R)
                          0.00  454.34   clock gating hold time
                                454.34   data required time
-----------------------------------------------------------------------------
                                454.34   data required time
                               -472.66   data arrival time
-----------------------------------------------------------------------------
                                 18.32   slack (MET)


Startpoint: _35025_ (rising edge-triggered flip-flop clocked by core_clock)
Endpoint: _35025_ (rising edge-triggered flip-flop clocked by core_clock)
Path Group: core_clock
Path Type: min

Fanout     Cap    Slew   Delay    Time   Description
-----------------------------------------------------------------------------
                  0.00    0.00    0.00   clock core_clock (rise edge)
                          0.00    0.00   clock network delay (ideal)
                  0.00    0.00    0.00 ^ _35025_/CLK (DFFASRHQNx1_ASAP7_75t_R)
                 20.73   40.41   40.41 ^ _35025_/QN (DFFASRHQNx1_ASAP7_75t_R)
     2    1.80                           _01352_ (net)
                 20.73    0.01   40.42 ^ _27804_/A1 (OAI21x1_ASAP7_75t_R)
                  7.18    7.70   48.13 v _27804_/Y (OAI21x1_ASAP7_75t_R)
     1    0.75                           _02782_ (net)
                  7.18    0.02   48.14 v _35025_/D (DFFASRHQNx1_ASAP7_75t_R)
                                 48.14   data arrival time

                  0.00    0.00    0.00   clock core_clock (rise edge)
                          0.00    0.00   clock network delay (ideal)
                          0.00    0.00   clock reconvergence pessimism
                                  0.00 ^ _35025_/CLK (DFFASRHQNx1_ASAP7_75t_R)
                          9.17    9.17   library hold time
                                  9.17   data required time
-----------------------------------------------------------------------------
                                  9.17   data required time
                                -48.14   data arrival time
-----------------------------------------------------------------------------
                                 38.98   slack (MET)



==========================================================================
resizer report_checks -path_delay max
--------------------------------------------------------------------------
Startpoint: rst_ni (input port clocked by core_clock)
Endpoint: _35513_ (recovery check against rising-edge clock core_clock)
Path Group: **async_default**
Path Type: max

Fanout     Cap    Slew   Delay    Time   Description
-----------------------------------------------------------------------------
                  0.00    0.00    0.00   clock core_clock (rise edge)
                          0.00    0.00   clock network delay (ideal)
                         51.51   51.51 ^ input external delay
                  0.00    0.00   51.51 ^ rst_ni (in)
     1    2.90                           rst_ni (net)
                  0.34    0.11   51.62 ^ input148/A (BUFx16f_ASAP7_75t_R)
                 31.51   17.16   68.78 ^ input148/Y (BUFx16f_ASAP7_75t_R)
    35   51.91                           net148 (net)
                 45.28   10.99   79.77 ^ wire452/A (BUFx16f_ASAP7_75t_R)
                 44.50   27.90  107.67 ^ wire452/Y (BUFx16f_ASAP7_75t_R)
    62   85.14                           net452 (net)
                121.47   36.99  144.66 ^ load_slew451/A (BUFx16f_ASAP7_75t_R)
                 45.91   41.38  186.04 ^ load_slew451/Y (BUFx16f_ASAP7_75t_R)
    54   75.66                           net451 (net)
                 58.25   12.21  198.25 ^ load_slew447/A (BUFx16f_ASAP7_75t_R)
                 53.21   31.44  229.69 ^ load_slew447/Y (BUFx16f_ASAP7_75t_R)
    69   93.78                           net447 (net)
                 76.11   17.74  247.43 ^ load_slew446/A (BUFx16f_ASAP7_75t_R)
                 47.89   33.90  281.33 ^ load_slew446/Y (BUFx16f_ASAP7_75t_R)
    61   81.25                           net446 (net)
                 80.85   21.81  303.14 ^ load_slew443/A (BUFx16f_ASAP7_75t_R)
                 50.53   35.39  338.52 ^ load_slew443/Y (BUFx16f_ASAP7_75t_R)
    64   85.53                           net443 (net)
                 77.77   19.79  358.31 ^ load_slew442/A (BUFx16f_ASAP7_75t_R)
                 45.36   34.19  392.50 ^ load_slew442/Y (BUFx16f_ASAP7_75t_R)
    57   75.00                           net442 (net)
                 67.44   16.94  409.44 ^ _35513_/SETN (DFFASRHQNx1_ASAP7_75t_R)
                                409.44   data arrival time

                  0.00  908.68  908.68   clock core_clock (rise edge)
                          0.00  908.68   clock network delay (ideal)
                          0.00  908.68   clock reconvergence pessimism
                                908.68 ^ _35513_/CLK (DFFASRHQNx1_ASAP7_75t_R)
                         -5.80  902.89   library recovery time
                                902.89   data required time
-----------------------------------------------------------------------------
                                902.89   data required time
                               -409.44   data arrival time
-----------------------------------------------------------------------------
                                493.45   slack (MET)


Startpoint: _36618_ (negative level-sensitive latch clocked by core_clock)
Endpoint: _24878_ (rising clock gating-check end-point clocked by core_clock)
Path Group: **clock_gating_default**
Path Type: max

Fanout     Cap    Slew   Delay    Time   Description
-----------------------------------------------------------------------------
                  0.00  454.34  454.34   clock core_clock (fall edge)
                          0.00  454.34   clock network delay (ideal)
                  0.00    0.00  454.34 v _36618_/CLK (DLLx1_ASAP7_75t_R)
                  7.59   27.33  481.67 v _36618_/Q (DLLx1_ASAP7_75t_R)
     1    0.61                           core_clock_gate_i.en_latch (net)
                  7.59    0.01  481.67 v _24878_/B (AND2x2_ASAP7_75t_R)
                                481.67   data arrival time

                  0.00  908.68  908.68   clock core_clock (rise edge)
                          0.00  908.68   clock network delay (ideal)
                          0.00  908.68   clock reconvergence pessimism
                                908.68 ^ _24878_/A (AND2x2_ASAP7_75t_R)
                          0.00  908.68   clock gating setup time
                                908.68   data required time
-----------------------------------------------------------------------------
                                908.68   data required time
                               -481.67   data arrival time
-----------------------------------------------------------------------------
                                427.01   slack (MET)


Startpoint: _36750_ (rising edge-triggered flip-flop clocked by core_clock)
Endpoint: _35487_ (rising edge-triggered flip-flop clocked by core_clock)
Path Group: core_clock
Path Type: max

Fanout     Cap    Slew   Delay    Time   Description
-----------------------------------------------------------------------------
                  0.00    0.00    0.00   clock core_clock (rise edge)
                          0.00    0.00   clock network delay (ideal)
                  0.00    0.00    0.00 ^ _36750_/CLK (DFFHQNx1_ASAP7_75t_R)
                110.39   78.86   78.86 ^ _36750_/QN (DFFHQNx1_ASAP7_75t_R)
    13   16.83                           _01745_ (net)
                110.50    2.08   80.94 ^ load_slew367/A (BUFx16f_ASAP7_75t_R)
                 21.02   32.03  112.97 ^ load_slew367/Y (BUFx16f_ASAP7_75t_R)
    26   27.54                           net367 (net)
                 27.17    5.52  118.48 ^ load_slew366/A (BUFx16f_ASAP7_75t_R)
                 16.82   22.43  140.92 ^ load_slew366/Y (BUFx16f_ASAP7_75t_R)
    19   23.30                           net366 (net)
                 18.07    2.41  143.32 ^ load_slew365/A (BUFx16f_ASAP7_75t_R)
                 21.26   20.53  163.86 ^ load_slew365/Y (BUFx16f_ASAP7_75t_R)
    29   31.89                           net365 (net)
                 30.78    7.40  171.26 ^ load_slew364/A (BUFx16f_ASAP7_75t_R)
                 21.87   23.13  194.39 ^ load_slew364/Y (BUFx16f_ASAP7_75t_R)
    31   32.46                           net364 (net)
                 26.40    4.96  199.35 ^ max_cap363/A (BUFx16f_ASAP7_75t_R)
                 17.82   21.45  220.80 ^ max_cap363/Y (BUFx16f_ASAP7_75t_R)
    24   24.98                           net363 (net)
                 24.61    5.62  226.43 ^ load_slew360/A (BUFx16f_ASAP7_75t_R)
                 19.89   21.80  248.23 ^ load_slew360/Y (BUFx16f_ASAP7_75t_R)
    31   28.80                           net360 (net)
                 21.29    2.79  251.02 ^ max_cap359/A (BUFx16f_ASAP7_75t_R)
                 18.90   21.43  272.45 ^ max_cap359/Y (BUFx16f_ASAP7_75t_R)
    14   26.99                           net359 (net)
                 22.06    4.01  276.46 ^ _18632_/A (CKINVDCx20_ASAP7_75t_R)
                 22.90   12.68  289.14 v _18632_/Y (CKINVDCx20_ASAP7_75t_R)
    36   42.42                           _13359_ (net)
                 24.15    2.86  292.00 v max_length326/A (BUFx16f_ASAP7_75t_R)
                 11.99   21.38  313.38 v max_length326/Y (BUFx16f_ASAP7_75t_R)
    53   53.94                           net326 (net)
                 77.32   22.45  335.83 v _18664_/B (AND2x6_ASAP7_75t_R)
                 32.65   45.96  381.79 v _18664_/Y (AND2x6_ASAP7_75t_R)
    15   22.09                           _13391_ (net)
                 38.17    6.94  388.73 v _18691_/A2 (AO221x1_ASAP7_75t_R)
                  9.41   26.51  415.25 v _18691_/Y (AO221x1_ASAP7_75t_R)
     1    0.72                           _13418_ (net)
                  9.41    0.01  415.26 v _18692_/C2 (AO222x2_ASAP7_75t_R)
                 23.02   36.93  452.19 v _18692_/Y (AO222x2_ASAP7_75t_R)
     2    5.44                           _13419_ (net)
                 23.41    1.66  453.85 v _23777_/B (OR3x4_ASAP7_75t_R)
                 28.78   51.36  505.21 v _23777_/Y (OR3x4_ASAP7_75t_R)
     5    9.36                           _05962_ (net)
                 30.01    3.19  508.40 v _23779_/A1 (AO21x2_ASAP7_75t_R)
                 66.39   46.54  554.94 v _23779_/Y (AO21x2_ASAP7_75t_R)
    17   22.38                           _05964_ (net)
                 71.73    9.97  564.91 v _23781_/B (NAND2x1_ASAP7_75t_R)
                 38.89   30.59  595.50 ^ _23781_/Y (NAND2x1_ASAP7_75t_R)
     2    2.37                           _17215_ (net)
                 38.89    0.02  595.53 ^ _23782_/A (INVx1_ASAP7_75t_R)
                 20.12   15.86  611.39 v _23782_/Y (INVx1_ASAP7_75t_R)
     1    2.21                           _17262_ (net)
                 20.12    0.02  611.40 v _34331_/B (FAx1_ASAP7_75t_R)
                180.66  138.22  749.62 v _34331_/SN (FAx1_ASAP7_75t_R)
     4    7.79                           _17267_ (net)
                180.66    0.09  749.71 v _25181_/A (INVx2_ASAP7_75t_R)
                 43.52   33.58  783.28 ^ _25181_/Y (INVx2_ASAP7_75t_R)
     2    4.07                           _17265_ (net)
                 43.52    0.04  783.33 ^ _34393_/A (FAx1_ASAP7_75t_R)
                 37.39   40.69  824.02 ^ _34393_/SN (FAx1_ASAP7_75t_R)
     1    0.97                           _00046_ (net)
                 37.39    0.05  824.07 ^ _25183_/A (INVx1_ASAP7_75t_R)
                 19.97   15.72  839.79 v _25183_/Y (INVx1_ASAP7_75t_R)
     2    2.25                           _17444_ (net)
                 19.97    0.04  839.83 v _34639_/A (HAxp5_ASAP7_75t_R)
                198.39  142.35  982.18 v _34639_/SN (HAxp5_ASAP7_75t_R)
     2   10.04                           _00051_ (net)
                198.39    0.18  982.35 v _23900_/A (INVx13_ASAP7_75t_R)
                 46.86   32.60 1014.96 ^ _23900_/Y (INVx13_ASAP7_75t_R)
    10   21.77                           _17486_ (net)
                 46.86    0.17 1015.13 ^ _34408_/B (FAx1_ASAP7_75t_R)
                 40.18   56.65 1071.78 v _34408_/SN (FAx1_ASAP7_75t_R)
     1    1.63                           _17488_ (net)
                 40.18    0.00 1071.79 v _34409_/CI (FAx1_ASAP7_75t_R)
                 34.27   39.04 1110.83 ^ _34409_/SN (FAx1_ASAP7_75t_R)
     1    0.77                           _18190_ (net)
                 34.27    0.01 1110.84 ^ _34124_/A (INVx1_ASAP7_75t_R)
                 18.43   14.51 1125.35 v _34124_/Y (INVx1_ASAP7_75t_R)
     1    2.08                           _17490_ (net)
                 18.43    0.03 1125.38 v _34410_/A (FAx1_ASAP7_75t_R)
                 63.98   36.64 1162.01 ^ _34410_/CON (FAx1_ASAP7_75t_R)
     2    3.39                           _17532_ (net)
                 33.98   22.50 1184.52 v _34410_/SN (FAx1_ASAP7_75t_R)
     1    1.23                           _18192_ (net)
                 33.98    0.04 1184.56 v _34640_/A (HAxp5_ASAP7_75t_R)
                 86.17   76.24 1260.79 v _34640_/SN (HAxp5_ASAP7_75t_R)
     4    4.23                           _00052_ (net)
                 86.17    0.07 1260.86 v _23889_/A (OR2x2_ASAP7_75t_R)
                  9.01   32.73 1293.60 v _23889_/Y (OR2x2_ASAP7_75t_R)
     1    0.67                           _05999_ (net)
                  9.01    0.00 1293.60 v _23890_/A2 (AO21x1_ASAP7_75t_R)
                  7.48   14.44 1308.04 v _23890_/Y (AO21x1_ASAP7_75t_R)
     1    0.66                           _06000_ (net)
                  7.48    0.00 1308.04 v _23891_/B (OA21x2_ASAP7_75t_R)
                  7.83   13.16 1321.20 v _23891_/Y (OA21x2_ASAP7_75t_R)
     2    1.36                           _06001_ (net)
                  7.83    0.03 1321.24 v _23894_/B1 (AO221x1_ASAP7_75t_R)
                  8.76   19.53 1340.77 v _23894_/Y (AO221x1_ASAP7_75t_R)
     1    0.69                           _06004_ (net)
                  8.76    0.01 1340.78 v _23895_/A2 (OA21x2_ASAP7_75t_R)
                  8.71   17.90 1358.68 v _23895_/Y (OA21x2_ASAP7_75t_R)
     2    1.42                           _06005_ (net)
                  8.71    0.02 1358.70 v _23896_/A2 (OA21x2_ASAP7_75t_R)
                  6.41   16.69 1375.39 v _23896_/Y (OA21x2_ASAP7_75t_R)
     1    0.71                           _06006_ (net)
                  6.41    0.01 1375.40 v _23897_/A2 (OA21x2_ASAP7_75t_R)
                  9.24   17.46 1392.86 v _23897_/Y (OA21x2_ASAP7_75t_R)
     2    1.55                           _06007_ (net)
                  9.25    0.05 1392.91 v _25298_/A (INVx1_ASAP7_75t_R)
                 12.44    9.11 1402.02 ^ _25298_/Y (INVx1_ASAP7_75t_R)
     1    1.66                           _17709_ (net)
                 12.44    0.02 1402.03 ^ _34491_/CI (FAx1_ASAP7_75t_R)
                 73.59   65.13 1467.16 v _34491_/SN (FAx1_ASAP7_75t_R)
     1    2.95                           _02255_ (net)
                 73.61    0.73 1467.89 v _27077_/A (NAND2x1_ASAP7_75t_R)
                 23.36   23.78 1491.67 ^ _27077_/Y (NAND2x1_ASAP7_75t_R)
     1    0.55                           _08612_ (net)
                 23.36    0.01 1491.68 ^ _27078_/B (OA211x2_ASAP7_75t_R)
                 14.96   25.64 1517.32 ^ _27078_/Y (OA211x2_ASAP7_75t_R)
     2    2.47                           _08613_ (net)
                 14.98    0.31 1517.63 ^ _27079_/B (AO21x1_ASAP7_75t_R)
                 11.04   14.07 1531.70 ^ _27079_/Y (AO21x1_ASAP7_75t_R)
     1    1.12                           _08614_ (net)
                 11.04    0.01 1531.72 ^ _27080_/B (NAND2x1_ASAP7_75t_R)
                 24.91    7.60 1539.32 v _27080_/Y (NAND2x1_ASAP7_75t_R)
     1    0.87                           _08615_ (net)
                 24.91    0.03 1539.35 v _27081_/B (OA21x2_ASAP7_75t_R)
                  9.27   17.11 1556.46 v _27081_/Y (OA21x2_ASAP7_75t_R)
     1    0.62                           _08616_ (net)
                  9.27    0.00 1556.46 v _27082_/C (OR3x1_ASAP7_75t_R)
                  9.92   23.94 1580.41 v _27082_/Y (OR3x1_ASAP7_75t_R)
     1    0.68                           _08617_ (net)
                  9.92    0.00 1580.41 v _27086_/A2 (OA21x2_ASAP7_75t_R)
                 90.69   33.68 1614.09 v _27086_/Y (OA21x2_ASAP7_75t_R)
    31   29.47                           _08621_ (net)
                128.81   33.01 1647.10 v _29232_/A1 (AO21x1_ASAP7_75t_R)
                  9.40   34.04 1681.14 v _29232_/Y (AO21x1_ASAP7_75t_R)
     1    0.65                           _03244_ (net)
                  9.40    0.00 1681.14 v _35487_/D (DFFASRHQNx1_ASAP7_75t_R)
                               1681.14   data arrival time

                  0.00  908.68  908.68   clock core_clock (rise edge)
                          0.00  908.68   clock network delay (ideal)
                          0.00  908.68   clock reconvergence pessimism
                                908.68 ^ _35487_/CLK (DFFASRHQNx1_ASAP7_75t_R)
                         -6.00  902.68   library setup time
                                902.68   data required time
-----------------------------------------------------------------------------
                                902.68   data required time
                               -1681.14   data arrival time
-----------------------------------------------------------------------------
                               -778.46   slack (VIOLATED)



==========================================================================
resizer report_checks -unconstrained
--------------------------------------------------------------------------
Startpoint: rst_ni (input port clocked by core_clock)
Endpoint: _35513_ (recovery check against rising-edge clock core_clock)
Path Group: **async_default**
Path Type: max

Fanout     Cap    Slew   Delay    Time   Description
-----------------------------------------------------------------------------
                  0.00    0.00    0.00   clock core_clock (rise edge)
                          0.00    0.00   clock network delay (ideal)
                         51.51   51.51 ^ input external delay
                  0.00    0.00   51.51 ^ rst_ni (in)
     1    2.90                           rst_ni (net)
                  0.34    0.11   51.62 ^ input148/A (BUFx16f_ASAP7_75t_R)
                 31.51   17.16   68.78 ^ input148/Y (BUFx16f_ASAP7_75t_R)
    35   51.91                           net148 (net)
                 45.28   10.99   79.77 ^ wire452/A (BUFx16f_ASAP7_75t_R)
                 44.50   27.90  107.67 ^ wire452/Y (BUFx16f_ASAP7_75t_R)
    62   85.14                           net452 (net)
                121.47   36.99  144.66 ^ load_slew451/A (BUFx16f_ASAP7_75t_R)
                 45.91   41.38  186.04 ^ load_slew451/Y (BUFx16f_ASAP7_75t_R)
    54   75.66                           net451 (net)
                 58.25   12.21  198.25 ^ load_slew447/A (BUFx16f_ASAP7_75t_R)
                 53.21   31.44  229.69 ^ load_slew447/Y (BUFx16f_ASAP7_75t_R)
    69   93.78                           net447 (net)
                 76.11   17.74  247.43 ^ load_slew446/A (BUFx16f_ASAP7_75t_R)
                 47.89   33.90  281.33 ^ load_slew446/Y (BUFx16f_ASAP7_75t_R)
    61   81.25                           net446 (net)
                 80.85   21.81  303.14 ^ load_slew443/A (BUFx16f_ASAP7_75t_R)
                 50.53   35.39  338.52 ^ load_slew443/Y (BUFx16f_ASAP7_75t_R)
    64   85.53                           net443 (net)
                 77.77   19.79  358.31 ^ load_slew442/A (BUFx16f_ASAP7_75t_R)
                 45.36   34.19  392.50 ^ load_slew442/Y (BUFx16f_ASAP7_75t_R)
    57   75.00                           net442 (net)
                 67.44   16.94  409.44 ^ _35513_/SETN (DFFASRHQNx1_ASAP7_75t_R)
                                409.44   data arrival time

                  0.00  908.68  908.68   clock core_clock (rise edge)
                          0.00  908.68   clock network delay (ideal)
                          0.00  908.68   clock reconvergence pessimism
                                908.68 ^ _35513_/CLK (DFFASRHQNx1_ASAP7_75t_R)
                         -5.80  902.89   library recovery time
                                902.89   data required time
-----------------------------------------------------------------------------
                                902.89   data required time
                               -409.44   data arrival time
-----------------------------------------------------------------------------
                                493.45   slack (MET)


Startpoint: _36618_ (negative level-sensitive latch clocked by core_clock)
Endpoint: _24878_ (rising clock gating-check end-point clocked by core_clock)
Path Group: **clock_gating_default**
Path Type: max

Fanout     Cap    Slew   Delay    Time   Description
-----------------------------------------------------------------------------
                  0.00  454.34  454.34   clock core_clock (fall edge)
                          0.00  454.34   clock network delay (ideal)
                  0.00    0.00  454.34 v _36618_/CLK (DLLx1_ASAP7_75t_R)
                  7.59   27.33  481.67 v _36618_/Q (DLLx1_ASAP7_75t_R)
     1    0.61                           core_clock_gate_i.en_latch (net)
                  7.59    0.01  481.67 v _24878_/B (AND2x2_ASAP7_75t_R)
                                481.67   data arrival time

                  0.00  908.68  908.68   clock core_clock (rise edge)
                          0.00  908.68   clock network delay (ideal)
                          0.00  908.68   clock reconvergence pessimism
                                908.68 ^ _24878_/A (AND2x2_ASAP7_75t_R)
                          0.00  908.68   clock gating setup time
                                908.68   data required time
-----------------------------------------------------------------------------
                                908.68   data required time
                               -481.67   data arrival time
-----------------------------------------------------------------------------
                                427.01   slack (MET)


Startpoint: _36750_ (rising edge-triggered flip-flop clocked by core_clock)
Endpoint: _35487_ (rising edge-triggered flip-flop clocked by core_clock)
Path Group: core_clock
Path Type: max

Fanout     Cap    Slew   Delay    Time   Description
-----------------------------------------------------------------------------
                  0.00    0.00    0.00   clock core_clock (rise edge)
                          0.00    0.00   clock network delay (ideal)
                  0.00    0.00    0.00 ^ _36750_/CLK (DFFHQNx1_ASAP7_75t_R)
                110.39   78.86   78.86 ^ _36750_/QN (DFFHQNx1_ASAP7_75t_R)
    13   16.83                           _01745_ (net)
                110.50    2.08   80.94 ^ load_slew367/A (BUFx16f_ASAP7_75t_R)
                 21.02   32.03  112.97 ^ load_slew367/Y (BUFx16f_ASAP7_75t_R)
    26   27.54                           net367 (net)
                 27.17    5.52  118.48 ^ load_slew366/A (BUFx16f_ASAP7_75t_R)
                 16.82   22.43  140.92 ^ load_slew366/Y (BUFx16f_ASAP7_75t_R)
    19   23.30                           net366 (net)
                 18.07    2.41  143.32 ^ load_slew365/A (BUFx16f_ASAP7_75t_R)
                 21.26   20.53  163.86 ^ load_slew365/Y (BUFx16f_ASAP7_75t_R)
    29   31.89                           net365 (net)
                 30.78    7.40  171.26 ^ load_slew364/A (BUFx16f_ASAP7_75t_R)
                 21.87   23.13  194.39 ^ load_slew364/Y (BUFx16f_ASAP7_75t_R)
    31   32.46                           net364 (net)
                 26.40    4.96  199.35 ^ max_cap363/A (BUFx16f_ASAP7_75t_R)
                 17.82   21.45  220.80 ^ max_cap363/Y (BUFx16f_ASAP7_75t_R)
    24   24.98                           net363 (net)
                 24.61    5.62  226.43 ^ load_slew360/A (BUFx16f_ASAP7_75t_R)
                 19.89   21.80  248.23 ^ load_slew360/Y (BUFx16f_ASAP7_75t_R)
    31   28.80                           net360 (net)
                 21.29    2.79  251.02 ^ max_cap359/A (BUFx16f_ASAP7_75t_R)
                 18.90   21.43  272.45 ^ max_cap359/Y (BUFx16f_ASAP7_75t_R)
    14   26.99                           net359 (net)
                 22.06    4.01  276.46 ^ _18632_/A (CKINVDCx20_ASAP7_75t_R)
                 22.90   12.68  289.14 v _18632_/Y (CKINVDCx20_ASAP7_75t_R)
    36   42.42                           _13359_ (net)
                 24.15    2.86  292.00 v max_length326/A (BUFx16f_ASAP7_75t_R)
                 11.99   21.38  313.38 v max_length326/Y (BUFx16f_ASAP7_75t_R)
    53   53.94                           net326 (net)
                 77.32   22.45  335.83 v _18664_/B (AND2x6_ASAP7_75t_R)
                 32.65   45.96  381.79 v _18664_/Y (AND2x6_ASAP7_75t_R)
    15   22.09                           _13391_ (net)
                 38.17    6.94  388.73 v _18691_/A2 (AO221x1_ASAP7_75t_R)
                  9.41   26.51  415.25 v _18691_/Y (AO221x1_ASAP7_75t_R)
     1    0.72                           _13418_ (net)
                  9.41    0.01  415.26 v _18692_/C2 (AO222x2_ASAP7_75t_R)
                 23.02   36.93  452.19 v _18692_/Y (AO222x2_ASAP7_75t_R)
     2    5.44                           _13419_ (net)
                 23.41    1.66  453.85 v _23777_/B (OR3x4_ASAP7_75t_R)
                 28.78   51.36  505.21 v _23777_/Y (OR3x4_ASAP7_75t_R)
     5    9.36                           _05962_ (net)
                 30.01    3.19  508.40 v _23779_/A1 (AO21x2_ASAP7_75t_R)
                 66.39   46.54  554.94 v _23779_/Y (AO21x2_ASAP7_75t_R)
    17   22.38                           _05964_ (net)
                 71.73    9.97  564.91 v _23781_/B (NAND2x1_ASAP7_75t_R)
                 38.89   30.59  595.50 ^ _23781_/Y (NAND2x1_ASAP7_75t_R)
     2    2.37                           _17215_ (net)
                 38.89    0.02  595.53 ^ _23782_/A (INVx1_ASAP7_75t_R)
                 20.12   15.86  611.39 v _23782_/Y (INVx1_ASAP7_75t_R)
     1    2.21                           _17262_ (net)
                 20.12    0.02  611.40 v _34331_/B (FAx1_ASAP7_75t_R)
                180.66  138.22  749.62 v _34331_/SN (FAx1_ASAP7_75t_R)
     4    7.79                           _17267_ (net)
                180.66    0.09  749.71 v _25181_/A (INVx2_ASAP7_75t_R)
                 43.52   33.58  783.28 ^ _25181_/Y (INVx2_ASAP7_75t_R)
     2    4.07                           _17265_ (net)
                 43.52    0.04  783.33 ^ _34393_/A (FAx1_ASAP7_75t_R)
                 37.39   40.69  824.02 ^ _34393_/SN (FAx1_ASAP7_75t_R)
     1    0.97                           _00046_ (net)
                 37.39    0.05  824.07 ^ _25183_/A (INVx1_ASAP7_75t_R)
                 19.97   15.72  839.79 v _25183_/Y (INVx1_ASAP7_75t_R)
     2    2.25                           _17444_ (net)
                 19.97    0.04  839.83 v _34639_/A (HAxp5_ASAP7_75t_R)
                198.39  142.35  982.18 v _34639_/SN (HAxp5_ASAP7_75t_R)
     2   10.04                           _00051_ (net)
                198.39    0.18  982.35 v _23900_/A (INVx13_ASAP7_75t_R)
                 46.86   32.60 1014.96 ^ _23900_/Y (INVx13_ASAP7_75t_R)
    10   21.77                           _17486_ (net)
                 46.86    0.17 1015.13 ^ _34408_/B (FAx1_ASAP7_75t_R)
                 40.18   56.65 1071.78 v _34408_/SN (FAx1_ASAP7_75t_R)
     1    1.63                           _17488_ (net)
                 40.18    0.00 1071.79 v _34409_/CI (FAx1_ASAP7_75t_R)
                 34.27   39.04 1110.83 ^ _34409_/SN (FAx1_ASAP7_75t_R)
     1    0.77                           _18190_ (net)
                 34.27    0.01 1110.84 ^ _34124_/A (INVx1_ASAP7_75t_R)
                 18.43   14.51 1125.35 v _34124_/Y (INVx1_ASAP7_75t_R)
     1    2.08                           _17490_ (net)
                 18.43    0.03 1125.38 v _34410_/A (FAx1_ASAP7_75t_R)
                 63.98   36.64 1162.01 ^ _34410_/CON (FAx1_ASAP7_75t_R)
     2    3.39                           _17532_ (net)
                 33.98   22.50 1184.52 v _34410_/SN (FAx1_ASAP7_75t_R)
     1    1.23                           _18192_ (net)
                 33.98    0.04 1184.56 v _34640_/A (HAxp5_ASAP7_75t_R)
                 86.17   76.24 1260.79 v _34640_/SN (HAxp5_ASAP7_75t_R)
     4    4.23                           _00052_ (net)
                 86.17    0.07 1260.86 v _23889_/A (OR2x2_ASAP7_75t_R)
                  9.01   32.73 1293.60 v _23889_/Y (OR2x2_ASAP7_75t_R)
     1    0.67                           _05999_ (net)
                  9.01    0.00 1293.60 v _23890_/A2 (AO21x1_ASAP7_75t_R)
                  7.48   14.44 1308.04 v _23890_/Y (AO21x1_ASAP7_75t_R)
     1    0.66                           _06000_ (net)
                  7.48    0.00 1308.04 v _23891_/B (OA21x2_ASAP7_75t_R)
                  7.83   13.16 1321.20 v _23891_/Y (OA21x2_ASAP7_75t_R)
     2    1.36                           _06001_ (net)
                  7.83    0.03 1321.24 v _23894_/B1 (AO221x1_ASAP7_75t_R)
                  8.76   19.53 1340.77 v _23894_/Y (AO221x1_ASAP7_75t_R)
     1    0.69                           _06004_ (net)
                  8.76    0.01 1340.78 v _23895_/A2 (OA21x2_ASAP7_75t_R)
                  8.71   17.90 1358.68 v _23895_/Y (OA21x2_ASAP7_75t_R)
     2    1.42                           _06005_ (net)
                  8.71    0.02 1358.70 v _23896_/A2 (OA21x2_ASAP7_75t_R)
                  6.41   16.69 1375.39 v _23896_/Y (OA21x2_ASAP7_75t_R)
     1    0.71                           _06006_ (net)
                  6.41    0.01 1375.40 v _23897_/A2 (OA21x2_ASAP7_75t_R)
                  9.24   17.46 1392.86 v _23897_/Y (OA21x2_ASAP7_75t_R)
     2    1.55                           _06007_ (net)
                  9.25    0.05 1392.91 v _25298_/A (INVx1_ASAP7_75t_R)
                 12.44    9.11 1402.02 ^ _25298_/Y (INVx1_ASAP7_75t_R)
     1    1.66                           _17709_ (net)
                 12.44    0.02 1402.03 ^ _34491_/CI (FAx1_ASAP7_75t_R)
                 73.59   65.13 1467.16 v _34491_/SN (FAx1_ASAP7_75t_R)
     1    2.95                           _02255_ (net)
                 73.61    0.73 1467.89 v _27077_/A (NAND2x1_ASAP7_75t_R)
                 23.36   23.78 1491.67 ^ _27077_/Y (NAND2x1_ASAP7_75t_R)
     1    0.55                           _08612_ (net)
                 23.36    0.01 1491.68 ^ _27078_/B (OA211x2_ASAP7_75t_R)
                 14.96   25.64 1517.32 ^ _27078_/Y (OA211x2_ASAP7_75t_R)
     2    2.47                           _08613_ (net)
                 14.98    0.31 1517.63 ^ _27079_/B (AO21x1_ASAP7_75t_R)
                 11.04   14.07 1531.70 ^ _27079_/Y (AO21x1_ASAP7_75t_R)
     1    1.12                           _08614_ (net)
                 11.04    0.01 1531.72 ^ _27080_/B (NAND2x1_ASAP7_75t_R)
                 24.91    7.60 1539.32 v _27080_/Y (NAND2x1_ASAP7_75t_R)
     1    0.87                           _08615_ (net)
                 24.91    0.03 1539.35 v _27081_/B (OA21x2_ASAP7_75t_R)
                  9.27   17.11 1556.46 v _27081_/Y (OA21x2_ASAP7_75t_R)
     1    0.62                           _08616_ (net)
                  9.27    0.00 1556.46 v _27082_/C (OR3x1_ASAP7_75t_R)
                  9.92   23.94 1580.41 v _27082_/Y (OR3x1_ASAP7_75t_R)
     1    0.68                           _08617_ (net)
                  9.92    0.00 1580.41 v _27086_/A2 (OA21x2_ASAP7_75t_R)
                 90.69   33.68 1614.09 v _27086_/Y (OA21x2_ASAP7_75t_R)
    31   29.47                           _08621_ (net)
                128.81   33.01 1647.10 v _29232_/A1 (AO21x1_ASAP7_75t_R)
                  9.40   34.04 1681.14 v _29232_/Y (AO21x1_ASAP7_75t_R)
     1    0.65                           _03244_ (net)
                  9.40    0.00 1681.14 v _35487_/D (DFFASRHQNx1_ASAP7_75t_R)
                               1681.14   data arrival time

                  0.00  908.68  908.68   clock core_clock (rise edge)
                          0.00  908.68   clock network delay (ideal)
                          0.00  908.68   clock reconvergence pessimism
                                908.68 ^ _35487_/CLK (DFFASRHQNx1_ASAP7_75t_R)
                         -6.00  902.68   library setup time
                                902.68   data required time
-----------------------------------------------------------------------------
                                902.68   data required time
                               -1681.14   data arrival time
-----------------------------------------------------------------------------
                               -778.46   slack (VIOLATED)



==========================================================================
resizer report_check_types -max_slew -max_cap -max_fanout -violators
--------------------------------------------------------------------------

==========================================================================
resizer max_slew_check_slack
--------------------------------------------------------------------------
13.178263664245605

==========================================================================
resizer max_slew_check_limit
--------------------------------------------------------------------------
320.0

==========================================================================
resizer max_slew_check_slack_limit
--------------------------------------------------------------------------
0.0412

==========================================================================
resizer max_fanout_check_slack
--------------------------------------------------------------------------
1.0000000150474662e+30

==========================================================================
resizer max_fanout_check_limit
--------------------------------------------------------------------------
1.0000000150474662e+30

==========================================================================
resizer max_capacitance_check_slack
--------------------------------------------------------------------------
0.16208145022392273

==========================================================================
resizer max_capacitance_check_limit
--------------------------------------------------------------------------
23.040000915527344

==========================================================================
resizer max_capacitance_check_slack_limit
--------------------------------------------------------------------------
0.0070

==========================================================================
resizer max_slew_violation_count
--------------------------------------------------------------------------
max slew violation count 0

==========================================================================
resizer max_fanout_violation_count
--------------------------------------------------------------------------
max fanout violation count 0

==========================================================================
resizer max_cap_violation_count
--------------------------------------------------------------------------
max cap violation count 0

==========================================================================
resizer setup_violation_count
--------------------------------------------------------------------------
setup violation count 1

==========================================================================
resizer hold_violation_count
--------------------------------------------------------------------------
hold violation count 0

==========================================================================
resizer critical path delay
--------------------------------------------------------------------------
1681.1443

==========================================================================
resizer critical path slack
--------------------------------------------------------------------------
-778.4596

==========================================================================
resizer slack div critical path delay
--------------------------------------------------------------------------
-46.305341

==========================================================================
resizer report_design_area
--------------------------------------------------------------------------
Design area 2375 u^2 47% utilization.


==========================================================================
instance_count
--------------------------------------------------------------------------
19777

==========================================================================
pin_count
--------------------------------------------------------------------------
66126

Elapsed time: 0:07.98[h:]min:sec. CPU time: user 7.93 sys 0.05 (99%). Peak memory: 274196KB.
